# JRE version: Java(TM) SE Runtime Environment (8.0_261-b12) (build 1.8.0_261-b12)
# Java VM: Java HotSpot(TM) 64-Bit Server VM (25.261-b12 mixed mode windows-amd64 compressed oops)
Heap:
 PSYoungGen      total 102400K, used 58097K [0x000000076b500000, 0x0000000772800000, 0x00000007c0000000)
  eden space 91648K, 63% used [0x000000076b500000,0x000000076edbc520,0x0000000770e80000)
  from space 10752K, 0% used [0x0000000771900000,0x0000000771900000,0x0000000772380000)
  to   space 10752K, 0% used [0x0000000770e80000,0x0000000770e80000,0x0000000771900000)
 ParOldGen       total 177664K, used 11022K [0x00000006c1e00000, 0x00000006ccb80000, 0x000000076b500000)
  object space 177664K, 6% used [0x00000006c1e00000,0x00000006c28c3950,0x00000006ccb80000)
 Metaspace       used 41362K, capacity 42024K, committed 42496K, reserved 1085440K
  class space    used 5642K, capacity 5833K, committed 5888K, reserved 1048576K
GC Heap History (10 events):
Event: 1.387 GC heap before
{Heap before GC invocations=2 (full 0):
 PSYoungGen      total 76288K, used 48183K [0x000000076b500000, 0x0000000770a00000, 0x00000007c0000000)
  eden space 65536K, 67% used [0x000000076b500000,0x000000076e02f4e8,0x000000076f500000)
  from space 10752K, 36% used [0x000000076f500000,0x000000076f8deaf0,0x000000076ff80000)
  to   space 10752K, 0% used [0x000000076ff80000,0x000000076ff80000,0x0000000770a00000)
 ParOldGen       total 175104K, used 80K [0x00000006c1e00000, 0x00000006cc900000, 0x000000076b500000)
  object space 175104K, 0% used [0x00000006c1e00000,0x00000006c1e14010,0x00000006cc900000)
 Metaspace       used 20750K, capacity 21112K, committed 21248K, reserved 1067008K
  class space    used 2614K, capacity 2764K, committed 2816K, reserved 1048576K
Event: 1.394 GC heap after
Heap after GC invocations=2 (full 0):
 PSYoungGen      total 76288K, used 8534K [0x000000076b500000, 0x0000000770a00000, 0x00000007c0000000)
  eden space 65536K, 0% used [0x000000076b500000,0x000000076b500000,0x000000076f500000)
  from space 10752K, 79% used [0x000000076ff80000,0x00000007707d5b10,0x0000000770a00000)
  to   space 10752K, 0% used [0x000000076f500000,0x000000076f500000,0x000000076ff80000)
 ParOldGen       total 175104K, used 88K [0x00000006c1e00000, 0x00000006cc900000, 0x000000076b500000)
  object space 175104K, 0% used [0x00000006c1e00000,0x00000006c1e16010,0x00000006cc900000)
 Metaspace       used 20750K, capacity 21112K, committed 21248K, reserved 1067008K
  class space    used 2614K, capacity 2764K, committed 2816K, reserved 1048576K
}
Event: 1.394 GC heap before
{Heap before GC invocations=3 (full 1):
 PSYoungGen      total 76288K, used 8534K [0x000000076b500000, 0x0000000770a00000, 0x00000007c0000000)
  eden space 65536K, 0% used [0x000000076b500000,0x000000076b500000,0x000000076f500000)
  from space 10752K, 79% used [0x000000076ff80000,0x00000007707d5b10,0x0000000770a00000)
  to   space 10752K, 0% used [0x000000076f500000,0x000000076f500000,0x000000076ff80000)
 ParOldGen       total 175104K, used 88K [0x00000006c1e00000, 0x00000006cc900000, 0x000000076b500000)
  object space 175104K, 0% used [0x00000006c1e00000,0x00000006c1e16010,0x00000006cc900000)
 Metaspace       used 20750K, capacity 21112K, committed 21248K, reserved 1067008K
  class space    used 2614K, capacity 2764K, committed 2816K, reserved 1048576K
Event: 1.411 GC heap after
Heap after GC invocations=3 (full 1):
 PSYoungGen      total 76288K, used 0K [0x000000076b500000, 0x0000000770a00000, 0x00000007c0000000)
  eden space 65536K, 0% used [0x000000076b500000,0x000000076b500000,0x000000076f500000)
  from space 10752K, 0% used [0x000000076ff80000,0x000000076ff80000,0x0000000770a00000)
  to   space 10752K, 0% used [0x000000076f500000,0x000000076f500000,0x000000076ff80000)
 ParOldGen       total 114176K, used 8225K [0x00000006c1e00000, 0x00000006c8d80000, 0x000000076b500000)
  object space 114176K, 7% used [0x00000006c1e00000,0x00000006c26085d8,0x00000006c8d80000)
 Metaspace       used 20750K, capacity 21112K, committed 21248K, reserved 1067008K
  class space    used 2614K, capacity 2764K, committed 2816K, reserved 1048576K
}
Event: 2.305 GC heap before
{Heap before GC invocations=4 (full 1):
 PSYoungGen      total 76288K, used 65536K [0x000000076b500000, 0x0000000770a00000, 0x00000007c0000000)
  eden space 65536K, 100% used [0x000000076b500000,0x000000076f500000,0x000000076f500000)
  from space 10752K, 0% used [0x000000076ff80000,0x000000076ff80000,0x0000000770a00000)
  to   space 10752K, 0% used [0x000000076f500000,0x000000076f500000,0x000000076ff80000)
 ParOldGen       total 114176K, used 8225K [0x00000006c1e00000, 0x00000006c8d80000, 0x000000076b500000)
  object space 114176K, 7% used [0x00000006c1e00000,0x00000006c26085d8,0x00000006c8d80000)
 Metaspace       used 31089K, capacity 31596K, committed 31872K, reserved 1077248K
  class space    used 4070K, capacity 4200K, committed 4224K, reserved 1048576K
Event: 2.312 GC heap after
Heap after GC invocations=4 (full 1):
 PSYoungGen      total 76288K, used 10568K [0x000000076b500000, 0x0000000772380000, 0x00000007c0000000)
  eden space 65536K, 0% used [0x000000076b500000,0x000000076b500000,0x000000076f500000)
  from space 10752K, 98% used [0x000000076f500000,0x000000076ff52398,0x000000076ff80000)
  to   space 10752K, 0% used [0x0000000771900000,0x0000000771900000,0x0000000772380000)
 ParOldGen       total 114176K, used 8233K [0x00000006c1e00000, 0x00000006c8d80000, 0x000000076b500000)
  object space 114176K, 7% used [0x00000006c1e00000,0x00000006c260a5d8,0x00000006c8d80000)
 Metaspace       used 31089K, capacity 31596K, committed 31872K, reserved 1077248K
  class space    used 4070K, capacity 4200K, committed 4224K, reserved 1048576K
}
Event: 2.547 GC heap before
{Heap before GC invocations=5 (full 1):
 PSYoungGen      total 76288K, used 36382K [0x000000076b500000, 0x0000000772380000, 0x00000007c0000000)
  eden space 65536K, 39% used [0x000000076b500000,0x000000076ce35578,0x000000076f500000)
  from space 10752K, 98% used [0x000000076f500000,0x000000076ff52398,0x000000076ff80000)
  to   space 10752K, 0% used [0x0000000771900000,0x0000000771900000,0x0000000772380000)
 ParOldGen       total 114176K, used 8233K [0x00000006c1e00000, 0x00000006c8d80000, 0x000000076b500000)
  object space 114176K, 7% used [0x00000006c1e00000,0x00000006c260a5d8,0x00000006c8d80000)
 Metaspace       used 34584K, capacity 35132K, committed 35416K, reserved 1079296K
  class space    used 4642K, capacity 4818K, committed 4864K, reserved 1048576K
Event: 2.551 GC heap after
Heap after GC invocations=5 (full 1):
 PSYoungGen      total 102400K, used 7136K [0x000000076b500000, 0x0000000772800000, 0x00000007c0000000)
  eden space 91648K, 0% used [0x000000076b500000,0x000000076b500000,0x0000000770e80000)
  from space 10752K, 66% used [0x0000000771900000,0x0000000771ff8200,0x0000000772380000)
  to   space 10752K, 0% used [0x0000000770e80000,0x0000000770e80000,0x0000000771900000)
 ParOldGen       total 114176K, used 8241K [0x00000006c1e00000, 0x00000006c8d80000, 0x000000076b500000)
  object space 114176K, 7% used [0x00000006c1e00000,0x00000006c260c5d8,0x00000006c8d80000)
 Metaspace       used 34584K, capacity 35132K, committed 35416K, reserved 1079296K
  class space    used 4642K, capacity 4818K, committed 4864K, reserved 1048576K
}
Event: 2.551 GC heap before
{Heap before GC invocations=6 (full 2):
 PSYoungGen      total 102400K, used 7136K [0x000000076b500000, 0x0000000772800000, 0x00000007c0000000)
  eden space 91648K, 0% used [0x000000076b500000,0x000000076b500000,0x0000000770e80000)
  from space 10752K, 66% used [0x0000000771900000,0x0000000771ff8200,0x0000000772380000)
  to   space 10752K, 0% used [0x0000000770e80000,0x0000000770e80000,0x0000000771900000)
 ParOldGen       total 114176K, used 8241K [0x00000006c1e00000, 0x00000006c8d80000, 0x000000076b500000)
  object space 114176K, 7% used [0x00000006c1e00000,0x00000006c260c5d8,0x00000006c8d80000)
 Metaspace       used 34584K, capacity 35132K, committed 35416K, reserved 1079296K
  class space    used 4642K, capacity 4818K, committed 4864K, reserved 1048576K
Event: 2.569 GC heap after
Heap after GC invocations=6 (full 2):
 PSYoungGen      total 102400K, used 0K [0x000000076b500000, 0x0000000772800000, 0x00000007c0000000)
  eden space 91648K, 0% used [0x000000076b500000,0x000000076b500000,0x0000000770e80000)
  from space 10752K, 0% used [0x0000000771900000,0x0000000771900000,0x0000000772380000)
  to   space 10752K, 0% used [0x0000000770e80000,0x0000000770e80000,0x0000000771900000)
 ParOldGen       total 177664K, used 11022K [0x00000006c1e00000, 0x00000006ccb80000, 0x000000076b500000)
  object space 177664K, 6% used [0x00000006c1e00000,0x00000006c28c3950,0x00000006ccb80000)
 Metaspace       used 34584K, capacity 35132K, committed 35416K, reserved 1079296K
  class space    used 4642K, capacity 4818K, committed 4864K, reserved 1048576K
}

