# JRE version: Java(TM) SE Runtime Environment (8.0_261-b12) (build 1.8.0_261-b12)
# Java VM: Java HotSpot(TM) 64-Bit Server VM (25.261-b12 mixed mode windows-amd64 compressed oops)
Heap:
 PSYoungGen      total 76288K, used 18344K [0x000000076b500000, 0x0000000772200000, 0x00000007c0000000)
  eden space 65536K, 11% used [0x000000076b500000,0x000000076bcab138,0x000000076f500000)
  from space 10752K, 97% used [0x000000076f500000,0x000000076ff3f010,0x000000076ff80000)
  to   space 10752K, 0% used [0x0000000771780000,0x0000000771780000,0x0000000772200000)
 ParOldGen       total 116736K, used 8299K [0x00000006c1e00000, 0x00000006c9000000, 0x000000076b500000)
  object space 116736K, 7% used [0x00000006c1e00000,0x00000006c261acc8,0x00000006c9000000)
 Metaspace       used 31995K, capacity 32520K, committed 32768K, reserved 1077248K
  class space    used 4195K, capacity 4334K, committed 4352K, reserved 1048576K
GC Heap History (8 events):
Event: 0.580 GC heap before
{Heap before GC invocations=1 (full 0):
 PSYoungGen      total 76288K, used 65536K [0x000000076b500000, 0x0000000770a00000, 0x00000007c0000000)
  eden space 65536K, 100% used [0x000000076b500000,0x000000076f500000,0x000000076f500000)
  from space 10752K, 0% used [0x000000076ff80000,0x000000076ff80000,0x0000000770a00000)
  to   space 10752K, 0% used [0x000000076f500000,0x000000076f500000,0x000000076ff80000)
 ParOldGen       total 175104K, used 0K [0x00000006c1e00000, 0x00000006cc900000, 0x000000076b500000)
  object space 175104K, 0% used [0x00000006c1e00000,0x00000006c1e00000,0x00000006cc900000)
 Metaspace       used 11883K, capacity 12128K, committed 12288K, reserved 1060864K
  class space    used 1344K, capacity 1446K, committed 1536K, reserved 1048576K
Event: 0.583 GC heap after
Heap after GC invocations=1 (full 0):
 PSYoungGen      total 76288K, used 3939K [0x000000076b500000, 0x0000000770a00000, 0x00000007c0000000)
  eden space 65536K, 0% used [0x000000076b500000,0x000000076b500000,0x000000076f500000)
  from space 10752K, 36% used [0x000000076f500000,0x000000076f8d8c20,0x000000076ff80000)
  to   space 10752K, 0% used [0x000000076ff80000,0x000000076ff80000,0x0000000770a00000)
 ParOldGen       total 175104K, used 80K [0x00000006c1e00000, 0x00000006cc900000, 0x000000076b500000)
  object space 175104K, 0% used [0x00000006c1e00000,0x00000006c1e14010,0x00000006cc900000)
 Metaspace       used 11883K, capacity 12128K, committed 12288K, reserved 1060864K
  class space    used 1344K, capacity 1446K, committed 1536K, reserved 1048576K
}
Event: 1.297 GC heap before
{Heap before GC invocations=2 (full 0):
 PSYoungGen      total 76288K, used 48385K [0x000000076b500000, 0x0000000770a00000, 0x00000007c0000000)
  eden space 65536K, 67% used [0x000000076b500000,0x000000076e067a40,0x000000076f500000)
  from space 10752K, 36% used [0x000000076f500000,0x000000076f8d8c20,0x000000076ff80000)
  to   space 10752K, 0% used [0x000000076ff80000,0x000000076ff80000,0x0000000770a00000)
 ParOldGen       total 175104K, used 80K [0x00000006c1e00000, 0x00000006cc900000, 0x000000076b500000)
  object space 175104K, 0% used [0x00000006c1e00000,0x00000006c1e14010,0x00000006cc900000)
 Metaspace       used 20738K, capacity 21112K, committed 21248K, reserved 1067008K
  class space    used 2613K, capacity 2764K, committed 2816K, reserved 1048576K
Event: 1.303 GC heap after
Heap after GC invocations=2 (full 0):
 PSYoungGen      total 76288K, used 8629K [0x000000076b500000, 0x0000000770a00000, 0x00000007c0000000)
  eden space 65536K, 0% used [0x000000076b500000,0x000000076b500000,0x000000076f500000)
  from space 10752K, 80% used [0x000000076ff80000,0x00000007707ed670,0x0000000770a00000)
  to   space 10752K, 0% used [0x000000076f500000,0x000000076f500000,0x000000076ff80000)
 ParOldGen       total 175104K, used 88K [0x00000006c1e00000, 0x00000006cc900000, 0x000000076b500000)
  object space 175104K, 0% used [0x00000006c1e00000,0x00000006c1e16010,0x00000006cc900000)
 Metaspace       used 20738K, capacity 21112K, committed 21248K, reserved 1067008K
  class space    used 2613K, capacity 2764K, committed 2816K, reserved 1048576K
}
Event: 1.303 GC heap before
{Heap before GC invocations=3 (full 1):
 PSYoungGen      total 76288K, used 8629K [0x000000076b500000, 0x0000000770a00000, 0x00000007c0000000)
  eden space 65536K, 0% used [0x000000076b500000,0x000000076b500000,0x000000076f500000)
  from space 10752K, 80% used [0x000000076ff80000,0x00000007707ed670,0x0000000770a00000)
  to   space 10752K, 0% used [0x000000076f500000,0x000000076f500000,0x000000076ff80000)
 ParOldGen       total 175104K, used 88K [0x00000006c1e00000, 0x00000006cc900000, 0x000000076b500000)
  object space 175104K, 0% used [0x00000006c1e00000,0x00000006c1e16010,0x00000006cc900000)
 Metaspace       used 20738K, capacity 21112K, committed 21248K, reserved 1067008K
  class space    used 2613K, capacity 2764K, committed 2816K, reserved 1048576K
Event: 1.319 GC heap after
Heap after GC invocations=3 (full 1):
 PSYoungGen      total 76288K, used 0K [0x000000076b500000, 0x0000000770a00000, 0x00000007c0000000)
  eden space 65536K, 0% used [0x000000076b500000,0x000000076b500000,0x000000076f500000)
  from space 10752K, 0% used [0x000000076ff80000,0x000000076ff80000,0x0000000770a00000)
  to   space 10752K, 0% used [0x000000076f500000,0x000000076f500000,0x000000076ff80000)
 ParOldGen       total 116736K, used 8291K [0x00000006c1e00000, 0x00000006c9000000, 0x000000076b500000)
  object space 116736K, 7% used [0x00000006c1e00000,0x00000006c2618cc8,0x00000006c9000000)
 Metaspace       used 20738K, capacity 21112K, committed 21248K, reserved 1067008K
  class space    used 2613K, capacity 2764K, committed 2816K, reserved 1048576K
}
Event: 2.165 GC heap before
{Heap before GC invocations=4 (full 1):
 PSYoungGen      total 76288K, used 65536K [0x000000076b500000, 0x0000000770a00000, 0x00000007c0000000)
  eden space 65536K, 100% used [0x000000076b500000,0x000000076f500000,0x000000076f500000)
  from space 10752K, 0% used [0x000000076ff80000,0x000000076ff80000,0x0000000770a00000)
  to   space 10752K, 0% used [0x000000076f500000,0x000000076f500000,0x000000076ff80000)
 ParOldGen       total 116736K, used 8291K [0x00000006c1e00000, 0x00000006c9000000, 0x000000076b500000)
  object space 116736K, 7% used [0x00000006c1e00000,0x00000006c2618cc8,0x00000006c9000000)
 Metaspace       used 31111K, capacity 31596K, committed 31872K, reserved 1077248K
  class space    used 4071K, capacity 4200K, committed 4224K, reserved 1048576K
Event: 2.171 GC heap after
Heap after GC invocations=4 (full 1):
 PSYoungGen      total 76288K, used 10492K [0x000000076b500000, 0x0000000772200000, 0x00000007c0000000)
  eden space 65536K, 0% used [0x000000076b500000,0x000000076b500000,0x000000076f500000)
  from space 10752K, 97% used [0x000000076f500000,0x000000076ff3f010,0x000000076ff80000)
  to   space 10752K, 0% used [0x0000000771780000,0x0000000771780000,0x0000000772200000)
 ParOldGen       total 116736K, used 8299K [0x00000006c1e00000, 0x00000006c9000000, 0x000000076b500000)
  object space 116736K, 7% used [0x00000006c1e00000,0x00000006c261acc8,0x00000006c9000000)
 Metaspace       used 31111K, capacity 31596K, committed 31872K, reserved 1077248K
  class space    used 4071K, capacity 4200K, committed 4224K, reserved 1048576K
}

