# JRE version: Java(TM) SE Runtime Environment (8.0_261-b12) (build 1.8.0_261-b12)
# Java VM: Java HotSpot(TM) 64-Bit Server VM (25.261-b12 mixed mode windows-amd64 compressed oops)
Heap:
 PSYoungGen      total 95232K, used 4771K [0x000000076b500000, 0x0000000772280000, 0x00000007c0000000)
  eden space 84480K, 5% used [0x000000076b500000,0x000000076b9a8e70,0x0000000770780000)
  from space 10752K, 0% used [0x0000000771200000,0x0000000771200000,0x0000000771c80000)
  to   space 10752K, 0% used [0x0000000770780000,0x0000000770780000,0x0000000771200000)
 ParOldGen       total 201728K, used 10998K [0x00000006c1e00000, 0x00000006ce300000, 0x000000076b500000)
  object space 201728K, 5% used [0x00000006c1e00000,0x00000006c28bdba8,0x00000006ce300000)
 Metaspace       used 34954K, capacity 35544K, committed 35968K, reserved 1081344K
  class space    used 4722K, capacity 4886K, committed 4992K, reserved 1048576K
GC Heap History (10 events):
Event: 1.593 GC heap before
{Heap before GC invocations=2 (full 0):
 PSYoungGen      total 76288K, used 49260K [0x000000076b500000, 0x0000000770a00000, 0x00000007c0000000)
  eden space 65536K, 69% used [0x000000076b500000,0x000000076e13b968,0x000000076f500000)
  from space 10752K, 36% used [0x000000076f500000,0x000000076f8df868,0x000000076ff80000)
  to   space 10752K, 0% used [0x000000076ff80000,0x000000076ff80000,0x0000000770a00000)
 ParOldGen       total 175104K, used 80K [0x00000006c1e00000, 0x00000006cc900000, 0x000000076b500000)
  object space 175104K, 0% used [0x00000006c1e00000,0x00000006c1e14010,0x00000006cc900000)
 Metaspace       used 20727K, capacity 21112K, committed 21248K, reserved 1067008K
  class space    used 2611K, capacity 2764K, committed 2816K, reserved 1048576K
Event: 1.600 GC heap after
Heap after GC invocations=2 (full 0):
 PSYoungGen      total 76288K, used 8481K [0x000000076b500000, 0x0000000770a00000, 0x00000007c0000000)
  eden space 65536K, 0% used [0x000000076b500000,0x000000076b500000,0x000000076f500000)
  from space 10752K, 78% used [0x000000076ff80000,0x00000007707c8548,0x0000000770a00000)
  to   space 10752K, 0% used [0x000000076f500000,0x000000076f500000,0x000000076ff80000)
 ParOldGen       total 175104K, used 88K [0x00000006c1e00000, 0x00000006cc900000, 0x000000076b500000)
  object space 175104K, 0% used [0x00000006c1e00000,0x00000006c1e16010,0x00000006cc900000)
 Metaspace       used 20727K, capacity 21112K, committed 21248K, reserved 1067008K
  class space    used 2611K, capacity 2764K, committed 2816K, reserved 1048576K
}
Event: 1.600 GC heap before
{Heap before GC invocations=3 (full 1):
 PSYoungGen      total 76288K, used 8481K [0x000000076b500000, 0x0000000770a00000, 0x00000007c0000000)
  eden space 65536K, 0% used [0x000000076b500000,0x000000076b500000,0x000000076f500000)
  from space 10752K, 78% used [0x000000076ff80000,0x00000007707c8548,0x0000000770a00000)
  to   space 10752K, 0% used [0x000000076f500000,0x000000076f500000,0x000000076ff80000)
 ParOldGen       total 175104K, used 88K [0x00000006c1e00000, 0x00000006cc900000, 0x000000076b500000)
  object space 175104K, 0% used [0x00000006c1e00000,0x00000006c1e16010,0x00000006cc900000)
 Metaspace       used 20727K, capacity 21112K, committed 21248K, reserved 1067008K
  class space    used 2611K, capacity 2764K, committed 2816K, reserved 1048576K
Event: 1.624 GC heap after
Heap after GC invocations=3 (full 1):
 PSYoungGen      total 76288K, used 0K [0x000000076b500000, 0x0000000770a00000, 0x00000007c0000000)
  eden space 65536K, 0% used [0x000000076b500000,0x000000076b500000,0x000000076f500000)
  from space 10752K, 0% used [0x000000076ff80000,0x000000076ff80000,0x0000000770a00000)
  to   space 10752K, 0% used [0x000000076f500000,0x000000076f500000,0x000000076ff80000)
 ParOldGen       total 122880K, used 8171K [0x00000006c1e00000, 0x00000006c9600000, 0x000000076b500000)
  object space 122880K, 6% used [0x00000006c1e00000,0x00000006c25fad78,0x00000006c9600000)
 Metaspace       used 20727K, capacity 21112K, committed 21248K, reserved 1067008K
  class space    used 2611K, capacity 2764K, committed 2816K, reserved 1048576K
}
Event: 2.668 GC heap before
{Heap before GC invocations=4 (full 1):
 PSYoungGen      total 76288K, used 65536K [0x000000076b500000, 0x0000000770a00000, 0x00000007c0000000)
  eden space 65536K, 100% used [0x000000076b500000,0x000000076f500000,0x000000076f500000)
  from space 10752K, 0% used [0x000000076ff80000,0x000000076ff80000,0x0000000770a00000)
  to   space 10752K, 0% used [0x000000076f500000,0x000000076f500000,0x000000076ff80000)
 ParOldGen       total 122880K, used 8171K [0x00000006c1e00000, 0x00000006c9600000, 0x000000076b500000)
  object space 122880K, 6% used [0x00000006c1e00000,0x00000006c25fad78,0x00000006c9600000)
 Metaspace       used 31109K, capacity 31664K, committed 32128K, reserved 1077248K
  class space    used 4066K, capacity 4200K, committed 4224K, reserved 1048576K
Event: 2.676 GC heap after
Heap after GC invocations=4 (full 1):
 PSYoungGen      total 76288K, used 10458K [0x000000076b500000, 0x0000000771c80000, 0x00000007c0000000)
  eden space 65536K, 0% used [0x000000076b500000,0x000000076b500000,0x000000076f500000)
  from space 10752K, 97% used [0x000000076f500000,0x000000076ff36908,0x000000076ff80000)
  to   space 10752K, 0% used [0x0000000771200000,0x0000000771200000,0x0000000771c80000)
 ParOldGen       total 122880K, used 8179K [0x00000006c1e00000, 0x00000006c9600000, 0x000000076b500000)
  object space 122880K, 6% used [0x00000006c1e00000,0x00000006c25fcd78,0x00000006c9600000)
 Metaspace       used 31109K, capacity 31664K, committed 32128K, reserved 1077248K
  class space    used 4066K, capacity 4200K, committed 4224K, reserved 1048576K
}
Event: 2.993 GC heap before
{Heap before GC invocations=5 (full 1):
 PSYoungGen      total 76288K, used 35538K [0x000000076b500000, 0x0000000771c80000, 0x00000007c0000000)
  eden space 65536K, 38% used [0x000000076b500000,0x000000076cd7df80,0x000000076f500000)
  from space 10752K, 97% used [0x000000076f500000,0x000000076ff36908,0x000000076ff80000)
  to   space 10752K, 0% used [0x0000000771200000,0x0000000771200000,0x0000000771c80000)
 ParOldGen       total 122880K, used 8179K [0x00000006c1e00000, 0x00000006c9600000, 0x000000076b500000)
  object space 122880K, 6% used [0x00000006c1e00000,0x00000006c25fcd78,0x00000006c9600000)
 Metaspace       used 34561K, capacity 35104K, committed 35416K, reserved 1079296K
  class space    used 4626K, capacity 4786K, committed 4864K, reserved 1048576K
Event: 2.999 GC heap after
Heap after GC invocations=5 (full 1):
 PSYoungGen      total 95232K, used 7063K [0x000000076b500000, 0x0000000772280000, 0x00000007c0000000)
  eden space 84480K, 0% used [0x000000076b500000,0x000000076b500000,0x0000000770780000)
  from space 10752K, 65% used [0x0000000771200000,0x00000007718e5de8,0x0000000771c80000)
  to   space 10752K, 0% used [0x0000000770780000,0x0000000770780000,0x0000000771200000)
 ParOldGen       total 122880K, used 8187K [0x00000006c1e00000, 0x00000006c9600000, 0x000000076b500000)
  object space 122880K, 6% used [0x00000006c1e00000,0x00000006c25fed78,0x00000006c9600000)
 Metaspace       used 34561K, capacity 35104K, committed 35416K, reserved 1079296K
  class space    used 4626K, capacity 4786K, committed 4864K, reserved 1048576K
}
Event: 2.999 GC heap before
{Heap before GC invocations=6 (full 2):
 PSYoungGen      total 95232K, used 7063K [0x000000076b500000, 0x0000000772280000, 0x00000007c0000000)
  eden space 84480K, 0% used [0x000000076b500000,0x000000076b500000,0x0000000770780000)
  from space 10752K, 65% used [0x0000000771200000,0x00000007718e5de8,0x0000000771c80000)
  to   space 10752K, 0% used [0x0000000770780000,0x0000000770780000,0x0000000771200000)
 ParOldGen       total 122880K, used 8187K [0x00000006c1e00000, 0x00000006c9600000, 0x000000076b500000)
  object space 122880K, 6% used [0x00000006c1e00000,0x00000006c25fed78,0x00000006c9600000)
 Metaspace       used 34561K, capacity 35104K, committed 35416K, reserved 1079296K
  class space    used 4626K, capacity 4786K, committed 4864K, reserved 1048576K
Event: 3.028 GC heap after
Heap after GC invocations=6 (full 2):
 PSYoungGen      total 95232K, used 0K [0x000000076b500000, 0x0000000772280000, 0x00000007c0000000)
  eden space 84480K, 0% used [0x000000076b500000,0x000000076b500000,0x0000000770780000)
  from space 10752K, 0% used [0x0000000771200000,0x0000000771200000,0x0000000771c80000)
  to   space 10752K, 0% used [0x0000000770780000,0x0000000770780000,0x0000000771200000)
 ParOldGen       total 201728K, used 10998K [0x00000006c1e00000, 0x00000006ce300000, 0x000000076b500000)
  object space 201728K, 5% used [0x00000006c1e00000,0x00000006c28bdba8,0x00000006ce300000)
 Metaspace       used 34561K, capacity 35104K, committed 35416K, reserved 1079296K
  class space    used 4626K, capacity 4786K, committed 4864K, reserved 1048576K
}

